Flutter crash report.
Please report a bug at https://github.com/flutter/flutter/issues.

## command

flutter run

## exception

NoSuchMethodError: NoSuchMethodError: The getter 'assetPathsToEvict' was called on null.
Receiver: null
Tried calling: assetPathsToEvict

```
#0      Object.noSuchMethod (dart:core-patch/object_patch.dart:38:5)
#1      HotRunner._resetDirtyAssets (package:flutter_tools/src/run_hot.dart:510:20)
#2      HotRunner._restartFromSources (package:flutter_tools/src/run_hot.dart:578:5)
<asynchronous suspension>
#3      HotRunner._fullRestartHelper (package:flutter_tools/src/run_hot.dart:760:16)
<asynchronous suspension>
#4      HotRunner.restart (package:flutter_tools/src/run_hot.dart:707:38)
<asynchronous suspension>
#5      TerminalHandler._commonTerminalInputHandler (package:flutter_tools/src/resident_runner.dart:1645:40)
<asynchronous suspension>
#6      TerminalHandler.processTerminalInput (package:flutter_tools/src/resident_runner.dart:1685:7)
<asynchronous suspension>
```

## flutter doctor

```
[✓] Flutter (Channel stable, 3.0.5, on Ubuntu
    22.04 LTS 5.15.0-41-generic, locale
    en_GB.UTF-8)
    • Flutter version 3.0.5 at
      /home/bot30pc/snap/flutter/common/flutter
    • Upstream repository
      https://github.com/flutter/flutter.git
    • Framework revision f1875d570e (2 weeks
      ago), 2022-07-13 11:24:16 -0700
    • Engine revision e85ea0e79c
    • Dart version 2.17.6
    • DevTools version 2.12.2

[✓] Android toolchain - develop for Android
    devices (Android SDK version 33.0.0)
    • Android SDK at /home/bot30pc/Android/Sdk
    • Platform android-31, build-tools 33.0.0
    • Java binary at: /usr/bin/java
    • Java version OpenJDK Runtime Environment
      (build 11.0.15+10-Ubuntu-0ubuntu0.22.04.1)
    • All Android licenses accepted.

[✓] Chrome - develop for the web
    • Chrome at google-chrome

[✓] Linux toolchain - develop for Linux desktop
    • clang version 6.0.0-1ubuntu2
      (tags/RELEASE_600/final)
    • cmake version 3.10.2
    • ninja version 1.8.2
    • pkg-config version 0.29.1

[✓] Android Studio (version 2021.2)
    • Android Studio at
      /opt/android-studio-2021.2.1/android-studi
      o
    • Flutter plugin version 69.0.2
    • Dart plugin version 212.5744
    • Java version OpenJDK Runtime Environment
      (build 11.0.12+0-b1504.28-7817840)

[!] Android Studio
    • Android Studio at
      /opt/android-studio-2021.2.1
    • Flutter plugin can be installed from:
      🔨
      https://plugins.jetbrains.com/plugin/9212-
      flutter
    • Dart plugin can be installed from:
      🔨
      https://plugins.jetbrains.com/plugin/6351-
      dart
    ✗ android-studio-dir =
      /opt/android-studio-2021.2.1
    ✗ Unable to find bundled Java version.
    • Try updating or re-installing Android
      Studio.
    • Consider removing your android-studio-dir
      setting by running:
      flutter config --android-studio-dir=

[✓] Android Studio
    • Android Studio at /opt/android-studio
    • Flutter plugin can be installed from:
      🔨
      https://plugins.jetbrains.com/plugin/9212-
      flutter
    • Dart plugin can be installed from:
      🔨
      https://plugins.jetbrains.com/plugin/6351-
      dart
    • Java version OpenJDK Runtime Environment
      (build 11.0.12+0-b1504.28-7817840)

[✓] VS Code (version 1.69.2)
    • VS Code at /usr/share/code
    • Flutter extension version 3.44.0

[✓] VS Code
    • VS Code at /snap/code/current
    • Flutter extension version 3.44.0

[✓] Connected device (3 available)
    • moto x4 (mobile) • ZY224HLDGH •
      android-arm64  • Android 9 (API 28)
    • Linux (desktop)  • linux      • linux-x64
      • Ubuntu 22.04 LTS 5.15.0-41-generic
    • Chrome (web)     • chrome     •
      web-javascript • Google Chrome
      103.0.5060.134

[✓] HTTP Host Availability
    • All required HTTP hosts are available

! Doctor found issues in 1 category.
```
